17:50:27: Creating resource group General
17:50:27: Creating resource group Internal
17:50:27: Creating resource group Autodetect
17:50:27: SceneManagerFactory for type 'DefaultSceneManager' registered.
17:50:27: Registering ResourceManager for type Material
17:50:27: Registering ResourceManager for type Mesh
17:50:27: Registering ResourceManager for type Skeleton
17:50:27: MovableObjectFactory for type 'ParticleSystem' registered.
17:50:27: OverlayElementFactory for type Panel registered.
17:50:27: OverlayElementFactory for type BorderPanel registered.
17:50:27: OverlayElementFactory for type TextArea registered.
17:50:27: Registering ResourceManager for type Font
17:50:27: ArchiveFactory for archive type FileSystem registered.
17:50:27: ArchiveFactory for archive type Zip registered.
17:50:27: DDS codec registering
17:50:27: FreeImage version: 3.10.0
17:50:27: This program uses FreeImage, a free, open source image library supporting all common bitmap formats. See http://freeimage.sourceforge.net for details
17:50:27: Supported formats: bmp,ico,jpg,jif,jpeg,jpe,jng,koa,iff,lbm,mng,pbm,pbm,pcd,pcx,pgm,pgm,png,ppm,ppm,ras,tga,targa,tif,tiff,wap,wbmp,wbm,psd,cut,xbm,xpm,gif,hdr,g3,sgi,exr,j2k,j2c,jp2
17:50:27: Registering ResourceManager for type HighLevelGpuProgram
17:50:27: Registering ResourceManager for type Compositor
17:50:27: MovableObjectFactory for type 'Entity' registered.
17:50:27: MovableObjectFactory for type 'Light' registered.
17:50:27: MovableObjectFactory for type 'BillboardSet' registered.
17:50:27: MovableObjectFactory for type 'ManualObject' registered.
17:50:27: MovableObjectFactory for type 'BillboardChain' registered.
17:50:27: MovableObjectFactory for type 'RibbonTrail' registered.
17:50:27: Loading library /usr/local/lib/OGRE/RenderSystem_GL
17:50:27: Installing plugin: GL RenderSystem
17:50:27: OpenGL Rendering Subsystem created.
17:50:28: Plugin successfully installed
17:50:28: Loading library /usr/local/lib/OGRE/Plugin_ParticleFX
17:50:28: Installing plugin: ParticleFX
17:50:28: Particle Emitter Type 'Point' registered
17:50:28: Particle Emitter Type 'Box' registered
17:50:28: Particle Emitter Type 'Ellipsoid' registered
17:50:28: Particle Emitter Type 'Cylinder' registered
17:50:28: Particle Emitter Type 'Ring' registered
17:50:28: Particle Emitter Type 'HollowEllipsoid' registered
17:50:28: Particle Affector Type 'LinearForce' registered
17:50:28: Particle Affector Type 'ColourFader' registered
17:50:28: Particle Affector Type 'ColourFader2' registered
17:50:28: Particle Affector Type 'ColourImage' registered
17:50:28: Particle Affector Type 'ColourInterpolator' registered
17:50:28: Particle Affector Type 'Scaler' registered
17:50:28: Particle Affector Type 'Rotator' registered
17:50:28: Particle Affector Type 'DirectionRandomiser' registered
17:50:28: Particle Affector Type 'DeflectorPlane' registered
17:50:28: Plugin successfully installed
17:50:28: Loading library /usr/local/lib/OGRE/Plugin_BSPSceneManager
17:50:28: Installing plugin: BSP Scene Manager
17:50:28: Plugin successfully installed
17:50:28: Loading library /usr/local/lib/OGRE/Plugin_CgProgramManager
17:50:28: Installing plugin: Cg Program Manager
17:50:28: Plugin successfully installed
17:50:28: Loading library /usr/local/lib/OGRE/Plugin_PCZSceneManager
17:50:28: Installing plugin: Portal Connected Zone Scene Manager
17:50:28: PCZone Factory Type 'ZoneType_Default' registered
17:50:28: Plugin successfully installed
17:50:28: Loading library /usr/local/lib/OGRE/Plugin_OctreeZone
17:50:28: Installing plugin: Octree Zone Factory
17:50:28: Plugin successfully installed
17:50:28: Loading library /usr/local/lib/OGRE/Plugin_OctreeSceneManager
17:50:28: Installing plugin: Octree & Terrain Scene Manager
17:50:28: Plugin successfully installed
17:50:28: *-*-* OGRE Initialising
17:50:28: *-*-* Version 1.7.2 (Cthugha)
17:50:28: Creating resource group Bootstrap
17:50:28: Added resource location '../media/packs/OgreCore.zip' of type 'Zip' to resource group 'Bootstrap'
17:50:28: Creating resource group Essential
17:50:28: Added resource location '../media/thumbnails' of type 'FileSystem' to resource group 'Essential'
17:50:28: Added resource location '../media/packs/SdkTrays.zip' of type 'Zip' to resource group 'Essential'
17:50:28: Added resource location '../media' of type 'FileSystem' to resource group 'General'
17:50:28: Creating resource group Popular
17:50:28: Added resource location '../media/Audio' of type 'FileSystem' to resource group 'Popular'
17:50:28: Added resource location '../media/fonts' of type 'FileSystem' to resource group 'Popular'
17:50:28: Added resource location '../media/materials/programs' of type 'FileSystem' to resource group 'Popular'
17:50:28: Added resource location '../media/materials/scripts' of type 'FileSystem' to resource group 'Popular'
17:50:28: Added resource location '../media/materials/textures' of type 'FileSystem' to resource group 'Popular'
17:50:28: Added resource location '../media/materials/textures/nvidia' of type 'FileSystem' to resource group 'Popular'
17:50:28: Added resource location '../media/models' of type 'FileSystem' to resource group 'Popular'
17:50:28: Added resource location '../media/particle' of type 'FileSystem' to resource group 'Popular'
17:50:28: Added resource location '../media/DeferredShadingMedia' of type 'FileSystem' to resource group 'Popular'
17:50:28: Added resource location '../media/PCZAppMedia' of type 'FileSystem' to resource group 'Popular'
17:50:28: Added resource location '../media/RTShaderLib' of type 'FileSystem' to resource group 'Popular'
17:50:28: Added resource location '../media/RTShaderLib/materials' of type 'FileSystem' to resource group 'Popular'
17:50:28: Added resource location '../media/packs/cubemap.zip' of type 'Zip' to resource group 'Popular'
17:50:28: Added resource location '../media/packs/cubemapsJS.zip' of type 'Zip' to resource group 'Popular'
17:50:28: Added resource location '../media/packs/dragon.zip' of type 'Zip' to resource group 'Popular'
17:50:28: Added resource location '../media/packs/fresneldemo.zip' of type 'Zip' to resource group 'Popular'
17:50:28: Added resource location '../media/packs/ogretestmap.zip' of type 'Zip' to resource group 'Popular'
17:50:28: Added resource location '../media/packs/ogredance.zip' of type 'Zip' to resource group 'Popular'
17:50:28: Added resource location '../media/packs/Sinbad.zip' of type 'Zip' to resource group 'Popular'
17:50:28: Added resource location '../media/packs/skybox.zip' of type 'Zip' to resource group 'Popular'
17:50:28: OGRE EXCEPTION(6:FileNotFoundException): 'ogre.cfg' file not found! in ConfigFile::load at /home/kjuly/ogre/OgreMain/src/OgreConfigFile.cpp (line 83)
17:50:35: CPU Identifier & Features
17:50:35: -------------------------
17:50:35:  *   CPU ID: GenuineIntel: Intel(R) Core(TM)2 Duo CPU     T6400  @ 2.00GHz
17:50:35:  *      SSE: yes
17:50:35:  *     SSE2: yes
17:50:35:  *     SSE3: yes
17:50:35:  *      MMX: yes
17:50:35:  *   MMXEXT: yes
17:50:35:  *    3DNOW: no
17:50:35:  * 3DNOWEXT: no
17:50:35:  *     CMOV: yes
17:50:35:  *      TSC: yes
17:50:35:  *      FPU: yes
17:50:35:  *      PRO: yes
17:50:35:  *       HT: no
17:50:35: -------------------------
17:50:35: ******************************
*** Starting GLX Subsystem ***
******************************
17:50:35: GLRenderSystem::_createRenderWindow "TutorialApplication Render Window", 960x540 windowed  miscParams: FSAA=0 displayFrequency=50 MHz gamma=No vsync=No 
17:50:35: GLXWindow::create used FBConfigID = 117
17:50:35: GL_VERSION = 3.2.0 NVIDIA 195.36.24
17:50:35: GL_VENDOR = NVIDIA Corporation
17:50:35: GL_RENDERER = GeForce 9200M GS/PCI/SSE2
17:50:35: GL_EXTENSIONS = GL_ARB_color_buffer_float GL_ARB_compatibility GL_ARB_copy_buffer GL_ARB_depth_buffer_float GL_ARB_depth_clamp GL_ARB_depth_texture GL_ARB_draw_buffers GL_ARB_draw_elements_base_vertex GL_ARB_draw_instanced GL_ARB_fragment_coord_conventions GL_ARB_fragment_program GL_ARB_fragment_program_shadow GL_ARB_fragment_shader GL_ARB_framebuffer_object GL_ARB_framebuffer_sRGB GL_ARB_geometry_shader4 GL_ARB_half_float_pixel GL_ARB_half_float_vertex GL_ARB_imaging GL_ARB_map_buffer_range GL_ARB_multisample GL_ARB_multitexture GL_ARB_occlusion_query GL_ARB_pixel_buffer_object GL_ARB_point_parameters GL_ARB_point_sprite GL_ARB_provoking_vertex GL_ARB_seamless_cube_map GL_ARB_shader_objects GL_ARB_shading_language_100 GL_ARB_shadow GL_ARB_sync GL_ARB_texture_border_clamp GL_ARB_texture_buffer_object GL_ARB_texture_compression GL_ARB_texture_compression_rgtc GL_ARB_texture_cube_map GL_ARB_texture_env_add GL_ARB_texture_env_combine GL_ARB_texture_env_crossbar GL_ARB_texture_env_dot3 GL_ARB_texture_float GL_ARB_texture_mirrored_repeat GL_ARB_texture_multisample GL_ARB_texture_non_power_of_two GL_ARB_texture_rectangle GL_ARB_texture_rg GL_ARB_transpose_matrix GL_ARB_uniform_buffer_object GL_ARB_vertex_array_bgra GL_ARB_vertex_array_object GL_ARB_vertex_buffer_object GL_ARB_vertex_program GL_ARB_vertex_shader GL_ARB_window_pos GL_ATI_draw_buffers GL_ATI_texture_float GL_ATI_texture_mirror_once GL_S3_s3tc GL_EXT_texture_env_add GL_EXT_abgr GL_EXT_bgra GL_EXT_bindable_uniform GL_EXT_blend_color GL_EXT_blend_equation_separate GL_EXT_blend_func_separate GL_EXT_blend_minmax GL_EXT_blend_subtract GL_EXT_compiled_vertex_array GL_EXT_Cg_shader GL_EXT_depth_bounds_test GL_EXT_direct_state_access GL_EXT_draw_buffers2 GL_EXT_draw_instanced GL_EXT_draw_range_elements GL_EXT_fog_coord GL_EXT_framebuffer_blit GL_EXT_framebuffer_multisample GL_EXTX_framebuffer_mixed_formats GL_EXT_framebuffer_object GL_EXT_framebuffer_sRGB GL_EXT_geometry_shader4 GL_EXT_gpu_program_parameters GL_EXT_gpu_shader4 GL_EXT_multi_draw_arrays GL_EXT_packed_depth_stencil GL_EXT_packed_float GL_EXT_packed_pixels GL_EXT_pixel_buffer_object GL_EXT_point_parameters GL_EXT_provoking_vertex GL_EXT_rescale_normal GL_EXT_secondary_color GL_EXT_separate_shader_objects GL_EXT_separate_specular_color GL_EXT_shadow_funcs GL_EXT_stencil_two_side GL_EXT_stencil_wrap GL_EXT_texture3D GL_EXT_texture_array GL_EXT_texture_buffer_object GL_EXT_texture_compression_latc GL_EXT_texture_compression_rgtc GL_EXT_texture_compression_s3tc GL_EXT_texture_cube_map GL_EXT_texture_edge_clamp GL_EXT_texture_env_combine GL_EXT_texture_env_dot3 GL_EXT_texture_filter_anisotropic GL_EXT_texture_integer GL_EXT_texture_lod GL_EXT_texture_lod_bias GL_EXT_texture_mirror_clamp GL_EXT_texture_object GL_EXT_texture_shared_exponent GL_EXT_texture_sRGB GL_EXT_texture_swizzle GL_EXT_timer_query GL_EXT_vertex_array GL_EXT_vertex_array_bgra GL_IBM_rasterpos_clip GL_IBM_texture_mirrored_repeat GL_KTX_buffer_region GL_NV_blend_square GL_NV_conditional_render GL_NV_copy_depth_to_color GL_NV_copy_image GL_NV_depth_buffer_float GL_NV_depth_clamp GL_NV_explicit_multisample GL_NV_fence GL_NV_float_buffer GL_NV_fog_distance GL_NV_fragment_program GL_NV_fragment_program_option GL_NV_fragment_program2 GL_NV_framebuffer_multisample_coverage GL_NV_geometry_shader4 GL_NV_gpu_program4 GL_NV_half_float GL_NV_light_max_exponent GL_NV_multisample_coverage GL_NV_multisample_filter_hint GL_NV_occlusion_query GL_NV_packed_depth_stencil GL_NV_parameter_buffer_object GL_NV_parameter_buffer_object2 GL_NV_pixel_data_range GL_NV_point_sprite GL_NV_primitive_restart GL_NV_register_combiners GL_NV_register_combiners2 GL_NV_shader_buffer_load GL_NV_texgen_reflection GL_NV_texture_barrier GL_NV_texture_compression_vtc GL_NV_texture_env_combine4 GL_NV_texture_expand_normal GL_NV_texture_rectangle GL_NV_texture_shader GL_NV_texture_shader2 GL_NV_texture_shader3 GL_NV_transform_feedback GL_NV_vertex_array_range GL_NV_vertex_array_range2 GL_NV_vertex_buffer_unified_memory GL_NV_vertex_program GL_NV_vertex_program1_1 GL_NV_vertex_program2 GL_NV_vertex_program2_option GL_NV_vertex_program3 GL_NVX_conditional_render GL_NVX_gpu_memory_info GL_SGIS_generate_mipmap GL_SGIS_texture_lod GL_SGIX_depth_texture GL_SGIX_shadow GL_SUN_slice_accum 
17:50:35: Supported GLX extensions: GLX_EXT_visual_info GLX_EXT_visual_rating GLX_SGIX_fbconfig GLX_SGIX_pbuffer GLX_SGI_video_sync GLX_SGI_swap_control GLX_EXT_swap_control GLX_EXT_texture_from_pixmap GLX_ARB_create_context GLX_ARB_create_context_profile GLX_ARB_multisample GLX_NV_float_buffer GLX_ARB_fbconfig_float GLX_EXT_framebuffer_sRGB GLX_ARB_get_proc_address 
17:50:35: ***************************
17:50:35: *** GL Renderer Started ***
17:50:35: ***************************
17:50:35: Registering ResourceManager for type GpuProgram
17:50:35: GLSL support detected
17:50:35: GL: Using GL_EXT_framebuffer_object for rendering to textures (best)
17:50:35: FBO PF_UNKNOWN depth/stencil support: D16S0 D24S0 D32S0 Packed-D24S8 
17:50:35: FBO PF_L8 depth/stencil support: D0S0 D16S0 D24S0 D32S0 Packed-D24S8 
17:50:35: FBO PF_A8 depth/stencil support: D0S0 D16S0 D24S0 D32S0 Packed-D24S8 
17:50:35: FBO PF_A4L4 depth/stencil support: D0S0 D16S0 D24S0 D32S0 Packed-D24S8 
17:50:35: FBO PF_BYTE_LA depth/stencil support: D0S0 D16S0 D24S0 D32S0 Packed-D24S8 
17:50:35: FBO PF_R5G6B5 depth/stencil support: D0S0 D16S0 D24S0 D32S0 Packed-D24S8 
17:50:35: FBO PF_B5G6R5 depth/stencil support: D0S0 D16S0 D24S0 D32S0 Packed-D24S8 
17:50:36: FBO PF_A1R5G5B5 depth/stencil support: D0S0 D16S0 D24S0 D32S0 Packed-D24S8 
17:50:36: FBO PF_R8G8B8 depth/stencil support: D0S0 D16S0 D24S0 D32S0 Packed-D24S8 
17:50:36: FBO PF_B8G8R8 depth/stencil support: D0S0 D16S0 D24S0 D32S0 Packed-D24S8 
17:50:36: FBO PF_A8R8G8B8 depth/stencil support: D0S0 D16S0 D24S0 D32S0 Packed-D24S8 
17:50:36: FBO PF_B8G8R8A8 depth/stencil support: D0S0 D16S0 D24S0 D32S0 Packed-D24S8 
17:50:36: FBO PF_A2R10G10B10 depth/stencil support: D0S0 D16S0 D24S0 D32S0 Packed-D24S8 
17:50:36: FBO PF_A2B10G10R10 depth/stencil support: D0S0 D16S0 D24S0 D32S0 Packed-D24S8 
17:50:36: FBO PF_FLOAT16_RGB depth/stencil support: D0S0 D16S0 D24S0 D32S0 Packed-D24S8 
17:50:36: FBO PF_FLOAT16_RGBA depth/stencil support: D0S0 D16S0 D24S0 D32S0 Packed-D24S8 
17:50:36: FBO PF_FLOAT32_RGB depth/stencil support: D0S0 D16S0 D24S0 D32S0 Packed-D24S8 
17:50:36: FBO PF_FLOAT32_RGBA depth/stencil support: D0S0 D16S0 D24S0 D32S0 Packed-D24S8 
17:50:36: FBO PF_X8R8G8B8 depth/stencil support: D0S0 D16S0 D24S0 D32S0 Packed-D24S8 
17:50:36: FBO PF_X8B8G8R8 depth/stencil support: D0S0 D16S0 D24S0 D32S0 Packed-D24S8 
17:50:36: FBO PF_SHORT_RGBA depth/stencil support: D0S0 D16S0 D24S0 D32S0 Packed-D24S8 
17:50:36: FBO PF_R3G3B2 depth/stencil support: D0S0 D16S0 D24S0 D32S0 Packed-D24S8 
17:50:36: FBO PF_FLOAT16_R depth/stencil support: D0S0 D16S0 D24S0 D32S0 Packed-D24S8 
17:50:36: FBO PF_FLOAT32_R depth/stencil support: D0S0 D16S0 D24S0 D32S0 Packed-D24S8 
17:50:36: FBO PF_FLOAT16_GR depth/stencil support: D0S0 D16S0 D24S0 D32S0 Packed-D24S8 
17:50:36: FBO PF_FLOAT32_GR depth/stencil support: D0S0 D16S0 D24S0 D32S0 Packed-D24S8 
17:50:36: FBO PF_SHORT_RGB depth/stencil support: D0S0 D16S0 D24S0 D32S0 Packed-D24S8 
17:50:36: [GL] : Valid FBO targets PF_UNKNOWN PF_L8 PF_A8 PF_A4L4 PF_BYTE_LA PF_R5G6B5 PF_B5G6R5 PF_A1R5G5B5 PF_R8G8B8 PF_B8G8R8 PF_A8R8G8B8 PF_B8G8R8A8 PF_A2R10G10B10 PF_A2B10G10R10 PF_FLOAT16_RGB PF_FLOAT16_RGBA PF_FLOAT32_RGB PF_FLOAT32_RGBA PF_X8R8G8B8 PF_X8B8G8R8 PF_SHORT_RGBA PF_R3G3B2 PF_FLOAT16_R PF_FLOAT32_R PF_FLOAT16_GR PF_FLOAT32_GR PF_SHORT_RGB 
17:50:36: RenderSystem capabilities
17:50:36: -------------------------
17:50:36: RenderSystem Name: OpenGL Rendering Subsystem
17:50:36: GPU Vendor: nvidia
17:50:36: Device Name: GeForce 9200M GS/PCI/SSE2
17:50:36: Driver Version: 3.2.0.0
17:50:36:  * Fixed function pipeline: yes
17:50:36:  * Hardware generation of mipmaps: yes
17:50:36:  * Texture blending: yes
17:50:36:  * Anisotropic texture filtering: yes
17:50:36:  * Dot product texture operation: yes
17:50:36:  * Cube mapping: yes
17:50:36:  * Hardware stencil buffer: yes
17:50:36:    - Stencil depth: 8
17:50:36:    - Two sided stencil support: yes
17:50:36:    - Wrap stencil values: yes
17:50:36:  * Hardware vertex / index buffers: yes
17:50:36:  * Vertex programs: yes
17:50:36:  * Number of floating-point constants for vertex programs: 1024
17:50:36:  * Number of integer constants for vertex programs: 0
17:50:36:  * Number of boolean constants for vertex programs: 0
17:50:36:  * Fragment programs: yes
17:50:36:  * Number of floating-point constants for fragment programs: 512
17:50:36:  * Number of integer constants for fragment programs: 0
17:50:36:  * Number of boolean constants for fragment programs: 0
17:50:36:  * Geometry programs: yes
17:50:36:  * Number of floating-point constants for geometry programs: 512
17:50:36:  * Number of integer constants for geometry programs: 0
17:50:36:  * Number of boolean constants for geometry programs: 0
17:50:36:  * Supported Shader Profiles: arbfp1 arbvp1 fp20 fp30 fp40 glsl gp4gp gpu_gp nvgp4 vp30 vp40
17:50:36:  * Texture Compression: yes
17:50:36:    - DXT: yes
17:50:36:    - VTC: yes
17:50:36:    - PVRTC: no
17:50:36:  * Scissor Rectangle: yes
17:50:36:  * Hardware Occlusion Query: yes
17:50:36:  * User clip planes: yes
17:50:36:  * VET_UBYTE4 vertex element type: yes
17:50:36:  * Infinite far plane projection: yes
17:50:36:  * Hardware render-to-texture: yes
17:50:36:  * Floating point textures: yes
17:50:36:  * Non-power-of-two textures: yes
17:50:36:  * Volume textures: yes
17:50:36:  * Multiple Render Targets: 8
17:50:36:    - With different bit depths: yes
17:50:36:  * Point Sprites: yes
17:50:36:  * Extended point parameters: yes
17:50:36:  * Max Point Size: 63.375
17:50:36:  * Vertex texture fetch: yes
17:50:36:  * Number of world matrices: 0
17:50:36:  * Number of texture units: 32
17:50:36:  * Stencil buffer depth: 8
17:50:36:  * Number of vertex blend matrices: 0
17:50:36:    - Max vertex textures: 32
17:50:36:    - Vertex textures shared: yes
17:50:36:  * Render to Vertex Buffer : yes
17:50:36:  * GL 1.5 without VBO workaround: no
17:50:36:  * Frame Buffer objects: yes
17:50:36:  * Frame Buffer objects (ARB extension): no
17:50:36:  * Frame Buffer objects (ATI extension): no
17:50:36:  * PBuffer support: yes
17:50:36:  * GL 1.5 without HW-occlusion workaround: no
17:50:36: Registering ResourceManager for type Texture
17:50:36: DefaultWorkQueue('Root') initialising on thread 0x8531418.
17:50:36: Particle Renderer Type 'billboard' registered
17:50:36: SceneManagerFactory for type 'BspSceneManager' registered.
17:50:36: Registering ResourceManager for type BspLevel
17:50:36: SceneManagerFactory for type 'PCZSceneManager' registered.
17:50:36: MovableObjectFactory for type 'PCZLight' registered.
17:50:36: MovableObjectFactory for type 'Portal' registered.
17:50:36: MovableObjectFactory for type 'AntiPortal' registered.
17:50:36: PCZone Factory Type 'ZoneType_Octree' registered
17:50:36: PCZone Factory Type 'ZoneType_Terrain' registered
17:50:36: SceneManagerFactory for type 'OctreeSceneManager' registered.
17:50:36: SceneManagerFactory for type 'TerrainSceneManager' registered.
17:50:36: Initialising resource group Bootstrap
17:50:36: Parsing scripts for resource group Bootstrap
17:50:36: Parsing script OgreCore.material
17:50:36: Parsing script OgreProfiler.material
17:50:36: Parsing script Ogre.fontdef
17:50:36: Parsing script OgreDebugPanel.overlay
17:50:36: DefaultWorkQueue('Root')::WorkerFunc - thread 0x876fa98 starting.
17:50:36: DefaultWorkQueue('Root')::WorkerFunc - thread 0x86f9c58 starting.
17:50:36: Texture: New_Ogre_Border_Center.png: Loading 1 faces(PF_A8R8G8B8,256x128x1) with 5 generated mipmaps from Image. Internal format is PF_A8R8G8B8,256x128x1.
17:50:36: Texture: New_Ogre_Border.png: Loading 1 faces(PF_A8R8G8B8,256x256x1) with 5 generated mipmaps from Image. Internal format is PF_A8R8G8B8,256x256x1.
17:50:36: Texture: New_Ogre_Border_Break.png: Loading 1 faces(PF_A8R8G8B8,32x32x1) with 5 generated mipmaps from Image. Internal format is PF_A8R8G8B8,32x32x1.
17:50:36: Texture: ogretext.png: Loading 1 faces(PF_A8R8G8B8,256x128x1) with 5 generated mipmaps from Image. Internal format is PF_A8R8G8B8,256x128x1.
17:50:36: Parsing script OgreLoadingPanel.overlay
17:50:36: Finished parsing scripts for resource group Bootstrap
17:50:36: Initialising resource group Essential
17:50:36: Parsing scripts for resource group Essential
17:50:36: Font BlueHighwayusing texture size 512x512
17:50:36: Info: Freetype returned null for character 127 in font BlueHighway
17:50:36: Info: Freetype returned null for character 128 in font BlueHighway
17:50:36: Info: Freetype returned null for character 129 in font BlueHighway
17:50:36: Info: Freetype returned null for character 130 in font BlueHighway
17:50:36: Info: Freetype returned null for character 131 in font BlueHighway
17:50:36: Info: Freetype returned null for character 132 in font BlueHighway
17:50:36: Info: Freetype returned null for character 133 in font BlueHighway
17:50:36: Info: Freetype returned null for character 134 in font BlueHighway
17:50:36: Info: Freetype returned null for character 135 in font BlueHighway
17:50:36: Info: Freetype returned null for character 136 in font BlueHighway
17:50:36: Info: Freetype returned null for character 137 in font BlueHighway
17:50:36: Info: Freetype returned null for character 138 in font BlueHighway
17:50:36: Info: Freetype returned null for character 139 in font BlueHighway
17:50:36: Info: Freetype returned null for character 140 in font BlueHighway
17:50:36: Info: Freetype returned null for character 141 in font BlueHighway
17:50:36: Info: Freetype returned null for character 142 in font BlueHighway
17:50:36: Info: Freetype returned null for character 143 in font BlueHighway
17:50:36: Info: Freetype returned null for character 144 in font BlueHighway
17:50:36: Info: Freetype returned null for character 145 in font BlueHighway
17:50:36: Info: Freetype returned null for character 146 in font BlueHighway
17:50:36: Info: Freetype returned null for character 147 in font BlueHighway
17:50:36: Info: Freetype returned null for character 148 in font BlueHighway
17:50:36: Info: Freetype returned null for character 149 in font BlueHighway
17:50:36: Info: Freetype returned null for character 150 in font BlueHighway
17:50:36: Info: Freetype returned null for character 151 in font BlueHighway
17:50:36: Info: Freetype returned null for character 152 in font BlueHighway
17:50:36: Info: Freetype returned null for character 153 in font BlueHighway
17:50:36: Info: Freetype returned null for character 154 in font BlueHighway
17:50:36: Info: Freetype returned null for character 155 in font BlueHighway
17:50:36: Info: Freetype returned null for character 156 in font BlueHighway
17:50:36: Info: Freetype returned null for character 157 in font BlueHighway
17:50:36: Info: Freetype returned null for character 158 in font BlueHighway
17:50:36: Info: Freetype returned null for character 159 in font BlueHighway
17:50:36: Info: Freetype returned null for character 160 in font BlueHighway
17:50:36: Texture: BlueHighwayTexture: Loading 1 faces(PF_BYTE_LA,512x512x1) with 0 generated mipmaps from Image. Internal format is PF_BYTE_LA,512x512x1.
17:50:36: Parsing script SdkTrays.material
17:50:36: Parsing script SdkTrays.fontdef
17:50:36: Parsing script SdkTrays.overlay
17:50:36: Bad element attribute line: '# you can offset the image to change the cursor "hotspot"' for element SdkTrays/Cursor in overlay 
17:50:36: Texture: sdk_cursor.png: Loading 1 faces(PF_A8R8G8B8,32x32x1) with 5 generated mipmaps from Image. Internal format is PF_A8R8G8B8,32x32x1.
17:50:36: Texture: sdk_tray.png: Loading 1 faces(PF_A8R8G8B8,64x64x1) with 5 generated mipmaps from Image. Internal format is PF_A8R8G8B8,64x64x1.
17:50:36: Texture: sdk_button_up.png: Loading 1 faces(PF_A8R8G8B8,128x32x1) with 5 generated mipmaps from Image. Internal format is PF_A8R8G8B8,128x32x1.
17:50:36: Texture: sdk_text_box.png: Loading 1 faces(PF_A8R8G8B8,32x32x1) with 5 generated mipmaps from Image. Internal format is PF_A8R8G8B8,32x32x1.
17:50:36: Texture: sdk_mini_tray.png: Loading 1 faces(PF_A8R8G8B8,32x32x1) with 5 generated mipmaps from Image. Internal format is PF_A8R8G8B8,32x32x1.
17:50:36: Texture: sdk_track.png: Loading 1 faces(PF_A8R8G8B8,16x32x1) with 5 generated mipmaps from Image. Internal format is PF_A8R8G8B8,16x32x1.
17:50:36: Texture: sdk_handle.png: Loading 1 faces(PF_A8R8G8B8,16x16x1) with 4 generated mipmaps from Image. Internal format is PF_A8R8G8B8,16x16x1.
17:50:36: Texture: sdk_mini_text_box.png: Loading 1 faces(PF_A8R8G8B8,32x32x1) with 5 generated mipmaps from Image. Internal format is PF_A8R8G8B8,32x32x1.
17:50:36: Texture: sdk_label.png: Loading 1 faces(PF_A8R8G8B8,32x32x1) with 5 generated mipmaps from Image. Internal format is PF_A8R8G8B8,32x32x1.
17:50:36: Texture: sdk_separator.png: Loading 1 faces(PF_A8R8G8B8,64x16x1) with 5 generated mipmaps from Image. Internal format is PF_A8R8G8B8,64x16x1.
17:50:36: Texture: sdk_logo.png: Loading 1 faces(PF_A8R8G8B8,128x64x1) with 5 generated mipmaps from Image. Internal format is PF_A8R8G8B8,128x64x1.
17:50:36: Texture: sdk_shade.png: Loading 1 faces(PF_A8R8G8B8,64x48x1) with 5 generated mipmaps from Image. Internal format is PF_A8R8G8B8,64x48x1.
17:50:36: Texture: sdk_frame.png: Loading 1 faces(PF_A8R8G8B8,32x32x1) with 5 generated mipmaps from Image. Internal format is PF_A8R8G8B8,32x32x1.
17:50:36: Texture: sdk_mini_text_box_over.png: Loading 1 faces(PF_A8R8G8B8,32x32x1) with 5 generated mipmaps from Image. Internal format is PF_A8R8G8B8,32x32x1.
17:50:36: Texture: sdk_pulse.png: Loading 1 faces(PF_R8G8B8,8x1x1) with 3 generated mipmaps from Image. Internal format is PF_X8R8G8B8,8x1x1.
17:50:36: Finished parsing scripts for resource group Essential
17:50:36: Initialising resource group Popular
17:50:36: Parsing scripts for resource group Popular
17:50:36: Parsing script Examples.program
17:50:36: GLSL compiling: Ogre/BasicVertexPrograms/AmbientOneTextureGLSL
17:50:36: GLSL compiled : Ogre/BasicVertexPrograms/AmbientOneTextureGLSL
17:50:36: GLSL compiling: Ogre/HardwareSkinningTwoWeightsGLSL
17:50:36: GLSL compiled : Ogre/HardwareSkinningTwoWeightsGLSL
17:50:36: OGRE EXCEPTION(2:InvalidParametersException): Parameter called ambient does not exist.  in GpuProgramParameters::_findNamedConstantDefinition at /home/kjuly/ogre/OgreMain/src/OgreGpuProgramParams.cpp (line 1433)
17:50:36: Compiler error: invalid parameters in Examples.program(130): setting of constant failed
17:50:36: Parsing script StdQuad_vp.program
17:50:36: Parsing script deferred_post.program
17:50:36: Parsing script ShadowCaster.program
17:50:36: Parsing script OffsetMapping.material
17:50:36: Compiler error: object unsupported by render system in OffsetMapping.material(18)
17:50:36: GLSL compiling: Examples/OffsetMappingIntegratedShadowsFPglsl
17:50:36: GLSL compiled : Examples/OffsetMappingIntegratedShadowsFPglsl
17:50:36: GLSL compiling: Examples/OffsetMappingIntegratedShadowsVPglsl
17:50:36: GLSL compiled : Examples/OffsetMappingIntegratedShadowsVPglsl
17:50:36: Parsing script SharpenEdges.material
17:50:36: Parsing script smoke.material
17:50:36: Parsing script ShaderSystem.material
17:50:36: Parsing script Hurt.material
17:50:36: Parsing script pssm.material
17:50:36: Parsing script instancing.material
17:50:36: GLSL compiling: InstancingGLSL
17:50:36: GLSL compiled : InstancingGLSL
17:50:36: GLSL compiling: InstancingShadowCasterGLSL
17:50:36: GLSL compiled : InstancingShadowCasterGLSL
17:50:36: GLSL compiling: CrowdGLSL
17:50:36: GLSL compiled : CrowdGLSL
17:50:36: GLSL compiling: CrowdShadowCasterGLSL
17:50:36: GLSL compiled : CrowdShadowCasterGLSL
17:50:36: Parsing script CompositorDemo.material
17:50:36: Parsing script Examples-Water.material
17:50:36: Parsing script shadows.material
17:50:37: Parsing script ASMSwizzle.material
17:50:37: Parsing script DOF.material
17:50:37: Parsing script ASCII.material
17:50:37: Parsing script Tiling.material
17:50:37: Parsing script Examples.material
17:50:37: OGRE EXCEPTION(2:InvalidParametersException): Parameter called camObjPos does not exist.  in GpuProgramParameters::_findNamedConstantDefinition at /home/kjuly/ogre/OgreMain/src/OgreGpuProgramParams.cpp (line 1433)
17:50:37: Compiler error: invalid parameters in Examples.material(837): setting of constant failed
17:50:37: GLSL compiling: Ogre/HardwareSkinningTwoWeightsShadowCasterGLSL
17:50:37: GLSL compiled : Ogre/HardwareSkinningTwoWeightsShadowCasterGLSL
17:50:37: Parsing script HeatVision.material
17:50:37: Parsing script MotionBlur.material
17:50:37: Parsing script RZR-002.material
17:50:37: Parsing script Invert.material
17:50:37: Parsing script DepthShadowmap.material
17:50:37: GLSL compiling: Ogre/DepthShadowmap/CasterVP_GLSL
17:50:37: GLSL compiled : Ogre/DepthShadowmap/CasterVP_GLSL
17:50:37: GLSL compiling: Ogre/DepthShadowmap/CasterFP_GLSL
17:50:37: GLSL compiled : Ogre/DepthShadowmap/CasterFP_GLSL
17:50:37: GLSL compiling: Ogre/DepthShadowmap/ReceiverVP_GLSL
17:50:37: GLSL compiled : Ogre/DepthShadowmap/ReceiverVP_GLSL
17:50:37: GLSL compiling: Ogre/DepthShadowmap/ReceiverFP_GLSL
17:50:37: GLSL compiled : Ogre/DepthShadowmap/ReceiverFP_GLSL
17:50:37: GLSL compiling: Ogre/DepthShadowmap/ReceiverFPPCF_GLSL
17:50:37: GLSL compiled : Ogre/DepthShadowmap/ReceiverFPPCF_GLSL
17:50:37: GLSL compiling: Ogre/DepthShadowmap/NormalMapReceiverVP_GLSL
17:50:37: GLSL compiled : Ogre/DepthShadowmap/NormalMapReceiverVP_GLSL
17:50:37: GLSL compiling: Ogre/DepthShadowmap/NormalMapReceiverFP_GLSL
17:50:37: GLSL compiled : Ogre/DepthShadowmap/NormalMapReceiverFP_GLSL
17:50:37: GLSL compiling: Ogre/DepthShadowmap/NormalMapReceiverFPPCF_GLSL
17:50:37: GLSL compiled : Ogre/DepthShadowmap/NormalMapReceiverFPPCF_GLSL
17:50:37: Parsing script OldTV.material
17:50:37: Parsing script CGSwizzle.material
17:50:37: Parsing script Ocean.material
17:50:37: GLSL compiling: GLSL/OceanVS
17:50:37: GLSL compiled : GLSL/OceanVS
17:50:37: GLSL compiling: GLSL/OceanFS
17:50:37: GLSL compiled : GLSL/OceanFS
17:50:37: GLSL compiling: GLSL/Ocean2VS
17:50:37: GLSL compiled : GLSL/Ocean2VS
17:50:37: GLSL compiling: GLSL/Ocean2FS
17:50:37: GLSL compiled : GLSL/Ocean2FS
17:50:37: Parsing script Bloom2.material
17:50:37: GLSL compiling: Bloom2_ps20_glsl
17:50:37: GLSL compiled : Bloom2_ps20_glsl
17:50:37: Parsing script NightVision.material
17:50:37: Parsing script seek_map.material
17:50:37: Parsing script Glass.material
17:50:37: Parsing script GLSLSwizzle.material
17:50:37: GLSL compiling: Ogre/GPTest/Swizzle_GP_GLSL
17:50:37: GLSL compiled : Ogre/GPTest/Swizzle_GP_GLSL
17:50:37: GLSL compiling: Ogre/GPTest/Passthrough_VP_GLSL
17:50:37: GLSL compiled : Ogre/GPTest/Passthrough_VP_GLSL
17:50:37: Parsing script OldMovie.material
17:50:37: Parsing script VarianceShadowmap.material
17:50:37: Parsing script Halftone.material
17:50:37: Parsing script IsoSurf.material
17:50:37: Problem parsing the following Cg Uniform: '@TMP1' in file Ogre/IsoSurf/TessellateTetrahedraGS
17:50:37: Parsing script Scene.material
17:50:37: Parsing script facial.material
17:50:37: Parsing script ParticleGS.material
17:50:37: Parsing script MRTtest.material
17:50:37: GLSL compiling: Ogre/MRTtest/scenefp/GLSL
17:50:37: GLSL compiled : Ogre/MRTtest/scenefp/GLSL
17:50:37: GLSL compiling: Ogre/MRTtest/quadfp/GLSL
17:50:37: GLSL compiled : Ogre/MRTtest/quadfp/GLSL
17:50:37: GLSL compiling: Ogre/Compositor/StdQuad_GLSL_vp
17:50:37: GLSL compiled : Ogre/Compositor/StdQuad_GLSL_vp
17:50:37: Parsing script hdr.material
17:50:37: GLSL compiling: Ogre/Compositor/HDR/downscale2x2LuminenceGLSL_fp
17:50:37: GLSL compiled : Ogre/Compositor/HDR/downscale2x2LuminenceGLSL_fp
17:50:37: GLSL compiling: Ogre/Compositor/HDR/downscale3x3GLSL_fp
17:50:37: GLSL compiled : Ogre/Compositor/HDR/downscale3x3GLSL_fp
17:50:37: GLSL compiling: Ogre/Compositor/HDR/utils_fp
17:50:37: GLSL compiled : Ogre/Compositor/HDR/utils_fp
17:50:37: GLSL compiling: Ogre/Compositor/HDR/downscale3x3brightpassGLSL_fp
17:50:37: GLSL compiled : Ogre/Compositor/HDR/downscale3x3brightpassGLSL_fp
17:50:37: GLSL compiling: Ogre/Compositor/HDR/bloomGLSL_fp
17:50:37: GLSL compiled : Ogre/Compositor/HDR/bloomGLSL_fp
17:50:37: GLSL compiling: Ogre/Compositor/HDR/utils_fp
17:50:37: GLSL compiled : Ogre/Compositor/HDR/utils_fp
17:50:37: GLSL compiling: Ogre/Compositor/HDR/finaltonemappingGLSL_fp
17:50:37: GLSL compiled : Ogre/Compositor/HDR/finaltonemappingGLSL_fp
17:50:37: Parsing script Penguin.material
17:50:37: Parsing script Ogre.material
17:50:37: Parsing script RadialBlur.material
17:50:37: Parsing script Examples-DynTex.material
17:50:37: Parsing script Posterize.material
17:50:37: Parsing script BlackAndWhite.material
17:50:37: Parsing script Laplace.material
17:50:37: Parsing script sibenik.material
17:50:37: Parsing script Embossed.material
17:50:37: Parsing script Bloom.material
17:50:37: GLSL compiling: Blur_ps_glsl
17:50:37: GLSL compiled : Blur_ps_glsl
17:50:37: GLSL compiling: Blur0_vs_glsl
17:50:37: GLSL compiled : Blur0_vs_glsl
17:50:37: GLSL compiling: Blur1_vs_glsl
17:50:37: GLSL compiled : Blur1_vs_glsl
17:50:37: Parsing script Example-Water.material
17:50:37: Parsing script Examples-Advanced.material
17:50:37: Compiler error: object unsupported by render system in Examples-Advanced.material(383)
17:50:37: Parsing script Dither.material
17:50:37: Parsing script seek_map.material
17:50:37: Parsing script deferred_post.material
17:50:37: Parsing script ShadowCaster.material
17:50:37: Parsing script ssao.material
17:50:37: Parsing script deferred_post_minilight.material
17:50:37: Parsing script deferreddemo.material
17:50:37: Parsing script ROOM.material
17:50:37: Parsing script RTShaderSystem.material
17:50:37: Compiler error: unknown error in RTShaderSystem.material(23): token "rtshader_system" is not recognized
17:50:37: Compiler error: unknown error in RTShaderSystem.material(52): token "rtshader_system" is not recognized
17:50:37: Compiler error: unknown error in RTShaderSystem.material(81): token "rtshader_system" is not recognized
17:50:37: Compiler error: unknown error in RTShaderSystem.material(110): token "rtshader_system" is not recognized
17:50:37: Compiler error: unknown error in RTShaderSystem.material(146): token "rtshader_system" is not recognized
17:50:37: Compiler error: unknown error in RTShaderSystem.material(81): token "rtshader_system" is not recognized
17:50:37: Compiler error: unknown error in RTShaderSystem.material(162): token "rtshader_system" is not recognized
17:50:37: Compiler error: unknown error in RTShaderSystem.material(81): token "rtshader_system" is not recognized
17:50:37: Compiler error: unknown error in RTShaderSystem.material(110): token "rtshader_system" is not recognized
17:50:37: Parsing script RomanBath.material
17:50:37: Parsing script Sinbad.material
17:50:37: Parsing script smoke.particle
17:50:37: Parsing script emitted_emitter.particle
17:50:37: Parsing script Examples-Water.particle
17:50:37: Parsing script Examples.particle
17:50:37: Parsing script Examples.compositor
17:50:37: Parsing script deferred.compositor
17:50:37: Parsing script ssao.compositor
17:50:37: Parsing script sample.fontdef
17:50:37: Finished parsing scripts for resource group Popular
17:50:37: Initialising resource group General
17:50:37: Parsing scripts for resource group General
17:50:37: Finished parsing scripts for resource group General
17:50:37: [DotSceneLoader] Parsing dotScene file with version 1.0, min. Ogre version 1.7, author OgreMax Scene Exporter (www.ogremax.com)
17:50:37: Mesh: Loading GeoSphere01.mesh.
17:50:37: Mesh: Loading sLand10.mesh.
17:50:38: Texture: grass.jpg: Loading 1 faces(PF_R8G8B8,756x512x1) with 5 generated mipmaps from Image. Internal format is PF_X8R8G8B8,756x512x1.
17:50:38: Mesh: Loading Cylinder01.mesh.
17:50:38: Texture: wood_01.jpg: Loading 1 faces(PF_R8G8B8,2000x2000x1) with 5 generated mipmaps from Image. Internal format is PF_X8R8G8B8,2000x2000x1.
17:50:38: Mesh: Loading sLand_1.mesh.
17:50:38: Mesh: Loading sLand_2.mesh.
17:50:38: Mesh: Loading sLand_3.mesh.
17:50:38: Mesh: Loading sLand_4.mesh.
17:50:38: Texture: stone_01.JPG: Loading 1 faces(PF_R8G8B8,756x512x1) with 5 generated mipmaps from Image. Internal format is PF_X8R8G8B8,756x512x1.
17:50:38: Mesh: Loading sLand_5.mesh.
17:50:38: Mesh: Loading sLand_6.mesh.
17:50:38: Mesh: Loading sLand_7.mesh.
17:50:38: Mesh: Loading sLand_8.mesh.
17:50:38: Mesh: Loading sLand_9.mesh.
17:50:38: Mesh: Loading sLand_10.mesh.
17:50:38: Mesh: Loading sLand_11.mesh.
17:50:38: Mesh: Loading sLand_12.mesh.
17:50:38: Mesh: Loading sLand_13.mesh.
17:50:38: Mesh: Loading sLand_14.mesh.
17:50:38: Mesh: Loading StraightStair01.mesh.
17:50:38: Mesh: Loading StraightStair02.mesh.
17:50:38: Mesh: Loading StraightStair03.mesh.
17:50:38: Mesh: Loading StraightStair04.mesh.
17:50:38: Mesh: Loading StraightStair05.mesh.
17:50:38: Mesh: Loading StraightStair06.mesh.
17:50:38: Mesh: Loading StraightStair07.mesh.
17:50:38: Mesh: Loading StraightStair08.mesh.
17:50:38: Mesh: Loading StraightStair09.mesh.
17:50:38: Mesh: Loading C-Ext01.mesh.
17:50:38: Mesh: Loading C-Ext02.mesh.
17:50:39: Creating resource group OgreBulletCollisions
17:50:39: Mesh: Loading Sinbad.mesh.
17:50:39: Skeleton: Loading Sinbad.skeleton
17:50:39: WARNING: Sinbad.mesh is an older format ([MeshSerializer_v1.40]); you should upgrade it as soon as possible using the OgreMeshUpgrade tool.
17:50:39: Texture: sinbad_body.tga: Loading 1 faces(PF_R8G8B8,512x512x1) with 5 generated mipmaps from Image. Internal format is PF_X8R8G8B8,512x512x1.
17:50:39: Texture: sinbad_clothes.tga: Loading 1 faces(PF_R8G8B8,512x512x1) with 5 generated mipmaps from Image. Internal format is PF_X8R8G8B8,512x512x1.
17:50:39: Texture: sinbad_sword.tga: Loading 1 faces(PF_R8G8B8,256x256x1) with 5 generated mipmaps from Image. Internal format is PF_X8R8G8B8,256x256x1.
17:50:39: WARNING: the mesh 'Sinbad.mesh' includes vertices with more than 4 bone assignments. The lowest weighted assignments beyond this limit have been removed, so your animation may look slightly different. To eliminate this, reduce the number of bone assignments per vertex on your mesh to 4.
17:50:39: Texture: clouds.jpg: Loading 1 faces(PF_R8G8B8,256x256x1) with 5 generated mipmaps from Image. Internal format is PF_X8R8G8B8,256x256x1.
17:50:39: *-*-* OgreAL Initialization
17:50:39: MovableObjectFactory for type 'OgreAL_Sound' registered.
17:50:39: MovableObjectFactory for type 'OgreAL_Listener' registered.
17:50:39: *-*-* Creating OpenAL
17:50:39: OpenAL Version: 1.1
17:50:39: Available Devices
17:50:39: -----------------
17:50:39:  * No Output
17:50:39: Choosing: No Output
17:50:39: Supported Formats
17:50:39: -----------------
17:50:39:  * AL_FORMAT_MONO16, Monophonic Sound
17:50:39:  * AL_FORMAT_STEREO16, Stereo Sound
17:50:39:  * AL_FORMAT_QUAD16, 4 Channel Sound
17:50:39:  * AL_FORMAT_51CHN16, 5.1 Surround Sound
17:50:39:  * AL_FORMAT_61CHN16, 6.1 Surround Sound
17:50:39:  * AL_FORMAT_71CHN16, 7.1 Surround Sound
17:50:39: EFX Extension Found
17:50:39: *** Initializing OIS ***
17:50:39: Font SdkTrays/Captionusing texture size 512x256
17:50:39: Info: Freetype returned null for character 160 in font SdkTrays/Caption
17:50:39: Texture: SdkTrays/CaptionTexture: Loading 1 faces(PF_BYTE_LA,512x256x1) with 0 generated mipmaps from Image. Internal format is PF_BYTE_LA,512x256x1.
17:50:39: Font SdkTrays/Valueusing texture size 512x256
17:50:39: Info: Freetype returned null for character 127 in font SdkTrays/Value
17:50:39: Info: Freetype returned null for character 128 in font SdkTrays/Value
17:50:39: Info: Freetype returned null for character 129 in font SdkTrays/Value
17:50:39: Info: Freetype returned null for character 130 in font SdkTrays/Value
17:50:39: Info: Freetype returned null for character 131 in font SdkTrays/Value
17:50:39: Info: Freetype returned null for character 132 in font SdkTrays/Value
17:50:39: Info: Freetype returned null for character 133 in font SdkTrays/Value
17:50:39: Info: Freetype returned null for character 134 in font SdkTrays/Value
17:50:39: Info: Freetype returned null for character 135 in font SdkTrays/Value
17:50:39: Info: Freetype returned null for character 136 in font SdkTrays/Value
17:50:39: Info: Freetype returned null for character 137 in font SdkTrays/Value
17:50:39: Info: Freetype returned null for character 138 in font SdkTrays/Value
17:50:39: Info: Freetype returned null for character 139 in font SdkTrays/Value
17:50:39: Info: Freetype returned null for character 140 in font SdkTrays/Value
17:50:39: Info: Freetype returned null for character 141 in font SdkTrays/Value
17:50:39: Info: Freetype returned null for character 142 in font SdkTrays/Value
17:50:39: Info: Freetype returned null for character 143 in font SdkTrays/Value
17:50:39: Info: Freetype returned null for character 144 in font SdkTrays/Value
17:50:39: Info: Freetype returned null for character 145 in font SdkTrays/Value
17:50:39: Info: Freetype returned null for character 146 in font SdkTrays/Value
17:50:39: Info: Freetype returned null for character 147 in font SdkTrays/Value
17:50:39: Info: Freetype returned null for character 148 in font SdkTrays/Value
17:50:39: Info: Freetype returned null for character 149 in font SdkTrays/Value
17:50:39: Info: Freetype returned null for character 150 in font SdkTrays/Value
17:50:39: Info: Freetype returned null for character 151 in font SdkTrays/Value
17:50:39: Info: Freetype returned null for character 152 in font SdkTrays/Value
17:50:39: Info: Freetype returned null for character 153 in font SdkTrays/Value
17:50:39: Info: Freetype returned null for character 154 in font SdkTrays/Value
17:50:39: Info: Freetype returned null for character 155 in font SdkTrays/Value
17:50:39: Info: Freetype returned null for character 156 in font SdkTrays/Value
17:50:39: Info: Freetype returned null for character 157 in font SdkTrays/Value
17:50:39: Info: Freetype returned null for character 158 in font SdkTrays/Value
17:50:39: Info: Freetype returned null for character 159 in font SdkTrays/Value
17:50:39: Info: Freetype returned null for character 160 in font SdkTrays/Value
17:50:39: Texture: SdkTrays/ValueTexture: Loading 1 faces(PF_BYTE_LA,512x256x1) with 0 generated mipmaps from Image. Internal format is PF_BYTE_LA,512x256x1.
17:50:56: DefaultWorkQueue('Root') shutting down on thread 0x8531418.
17:50:56: DefaultWorkQueue('Root')::WorkerFunc - thread 0x876fa98 stopped.
17:50:56: DefaultWorkQueue('Root')::WorkerFunc - thread 0x86f9c58 stopped.
17:50:56: PCZone Factory Type 'ZoneType_Octree' unregistered
17:50:56: PCZone Factory Type 'ZoneType_Terrain' unregistered
17:50:56: Unregistering ResourceManager for type BspLevel
17:50:56: *-*-* OGRE Shutdown
17:50:56: Unregistering ResourceManager for type Compositor
17:50:56: Unregistering ResourceManager for type Font
17:50:56: Unregistering ResourceManager for type Skeleton
17:50:56: Unregistering ResourceManager for type Mesh
17:50:56: Unregistering ResourceManager for type HighLevelGpuProgram
17:50:56: Uninstalling plugin: Octree & Terrain Scene Manager
17:50:56: Plugin successfully uninstalled
17:50:56: Unloading library /usr/local/lib/OGRE/Plugin_OctreeSceneManager
17:50:56: Uninstalling plugin: Octree Zone Factory
17:50:56: Plugin successfully uninstalled
17:50:56: Unloading library /usr/local/lib/OGRE/Plugin_OctreeZone
17:50:56: Uninstalling plugin: Portal Connected Zone Scene Manager
17:50:56: Plugin successfully uninstalled
17:50:56: Unloading library /usr/local/lib/OGRE/Plugin_PCZSceneManager
17:50:56: Uninstalling plugin: Cg Program Manager
17:50:56: Plugin successfully uninstalled
17:50:56: Unloading library /usr/local/lib/OGRE/Plugin_CgProgramManager
17:50:56: Uninstalling plugin: BSP Scene Manager
17:50:56: Plugin successfully uninstalled
17:50:56: Unloading library /usr/local/lib/OGRE/Plugin_BSPSceneManager
17:50:56: Uninstalling plugin: ParticleFX
17:50:56: Plugin successfully uninstalled
17:50:56: Unloading library /usr/local/lib/OGRE/Plugin_ParticleFX
17:50:56: Uninstalling plugin: GL RenderSystem
17:50:56: Unregistering ResourceManager for type GpuProgram
17:50:56: ******************************
*** Stopping GLX Subsystem ***
******************************
17:50:56: Unregistering ResourceManager for type Texture
17:50:56: Plugin successfully uninstalled
17:50:56: Unloading library /usr/local/lib/OGRE/RenderSystem_GL
17:50:57: Unregistering ResourceManager for type Material
