21:11:15: Creating resource group General
21:11:15: Creating resource group Internal
21:11:15: Creating resource group Autodetect
21:11:15: Registering ResourceManager for type Mesh
21:11:15: Registering ResourceManager for type Material
21:11:15: Registering ResourceManager for type Skeleton
21:11:15: XMLSkeletonSerializer writing  skeleton data to robot.skeleton.xml...
21:11:15: Populating DOM...
21:11:15: Exporting bones..
21:11:15: There are 18 bones.
21:11:15:    Exporting Bone number 0
21:11:15:    Exporting Bone number 1
21:11:15:    Exporting Bone number 2
21:11:15:    Exporting Bone number 3
21:11:15:    Exporting Bone number 4
21:11:15:    Exporting Bone number 5
21:11:15:    Exporting Bone number 6
21:11:15:    Exporting Bone number 7
21:11:15:    Exporting Bone number 8
21:11:15:    Exporting Bone number 9
21:11:15:    Exporting Bone number 10
21:11:15:    Exporting Bone number 11
21:11:15:    Exporting Bone number 12
21:11:15:    Exporting Bone number 13
21:11:15:    Exporting Bone number 14
21:11:15:    Exporting Bone number 15
21:11:15:    Exporting Bone number 16
21:11:15:    Exporting Bone number 17
21:11:15: Bones exported.
21:11:15: Exporting animations, count=5
21:11:15: Exporting animation: Die
21:11:15: Animation exported.
21:11:15: Exporting animation: Idle
21:11:15: Animation exported.
21:11:15: Exporting animation: Shoot
21:11:15: Animation exported.
21:11:15: Exporting animation: Slump
21:11:15: Animation exported.
21:11:15: Exporting animation: Walk
21:11:15: Animation exported.
21:11:15: DOM populated, writing XML file..
21:11:15: XMLSkeletonSerializer export successful.
21:11:15: Unregistering ResourceManager for type Skeleton
21:11:15: Unregistering ResourceManager for type Material
21:11:15: Unregistering ResourceManager for type Mesh
